<?xml version="1.0" encoding="UTF-8"?>
<!-- Generated by org.testng.reporters.JUnitReportReporter -->
<testsuite hostname="LAPTOP-PI6QVRRF" name="apiDataFromDocument.GetDataByPathParam" tests="1" failures="0" timestamp="8 Feb 2020 12:29:10 GMT" time="3.641" errors="0">
  <testcase name="fetchDataByPathParam" time="3.641" classname="apiDataFromDocument.GetDataByPathParam"/>
</testsuite> <!-- apiDataFromDocument.GetDataByPathParam -->
