<?xml version="1.0" encoding="UTF-8"?>
<!-- Generated by org.testng.reporters.JUnitReportReporter -->
<testsuite hostname="LAPTOP-PI6QVRRF" name="assertionsInRA.FetchCurrencyCodeUsingIterator" tests="1" failures="0" timestamp="8 Feb 2020 18:22:17 GMT" time="3.404" errors="0">
  <testcase name="FetchCodeUsingIterator" time="3.404" classname="assertionsInRA.FetchCurrencyCodeUsingIterator"/>
</testsuite> <!-- assertionsInRA.FetchCurrencyCodeUsingIterator -->
