<?xml version="1.0" encoding="UTF-8"?>
<!-- Generated by org.testng.reporters.JUnitReportReporter -->
<testsuite hostname="LAPTOP-PI6QVRRF" name="assertionsInRA.FetchCurrencyCodeOfCountry" tests="1" failures="0" timestamp="8 Feb 2020 18:11:39 GMT" time="3.085" errors="0">
  <testcase name="FetchCode" time="3.085" classname="assertionsInRA.FetchCurrencyCodeOfCountry"/>
</testsuite> <!-- assertionsInRA.FetchCurrencyCodeOfCountry -->
