<?xml version="1.0" encoding="UTF-8"?>
<!-- Generated by org.testng.reporters.JUnitReportReporter -->
<testsuite hostname="LAPTOP-PI6QVRRF" name="apiAuthentication.apiAuthWithoutCredentials" tests="1" failures="0" timestamp="21 Jun 2020 15:36:40 GMT" time="3.333" errors="0">
  <testcase name="apiAuthWithoutCredential" time="3.333" classname="apiAuthentication.apiAuthWithoutCredentials"/>
</testsuite> <!-- apiAuthentication.apiAuthWithoutCredentials -->
