<?xml version="1.0" encoding="UTF-8"?>
<!-- Generated by org.testng.reporters.JUnitReportReporter -->
<testsuite hostname="LAPTOP-PI6QVRRF" name="restAssured.GetRequestByRA" tests="1" failures="0" timestamp="7 Feb 2020 17:29:29 GMT" time="1.546" errors="0">
  <testcase name="checkGet" time="1.546" classname="restAssured.GetRequestByRA"/>
</testsuite> <!-- restAssured.GetRequestByRA -->
