<?xml version="1.0" encoding="UTF-8"?>
<!-- Generated by org.testng.reporters.JUnitReportReporter -->
<testsuite hostname="LAPTOP-PI6QVRRF" name="restAssured.PutRequestByRA" tests="1" failures="0" timestamp="7 Feb 2020 17:25:19 GMT" time="1.504" errors="0">
  <testcase name="putCheck" time="1.504" classname="restAssured.PutRequestByRA"/>
</testsuite> <!-- restAssured.PutRequestByRA -->
