<?xml version="1.0" encoding="UTF-8"?>
<!-- Generated by org.testng.reporters.JUnitReportReporter -->
<testsuite hostname="LAPTOP-PI6QVRRF" name="restAssured.PostRequestByRA" tests="1" failures="0" timestamp="7 Feb 2020 17:22:01 GMT" time="1.518" errors="0">
  <testcase name="checkPost" time="1.518" classname="restAssured.PostRequestByRA"/>
</testsuite> <!-- restAssured.PostRequestByRA -->
