<?xml version="1.0" encoding="UTF-8"?>
<!-- Generated by org.testng.reporters.JUnitReportReporter -->
<testsuite hostname="LAPTOP-PI6QVRRF" name="assertionsInRA.HeaderAssertionsByTestng" tests="1" failures="0" timestamp="8 Feb 2020 12:58:25 GMT" time="3.205" errors="0">
  <testcase name="headerAssertionByTestng" time="3.205" classname="assertionsInRA.HeaderAssertionsByTestng"/>
</testsuite> <!-- assertionsInRA.HeaderAssertionsByTestng -->
