<?xml version="1.0" encoding="UTF-8"?>
<!-- Generated by org.testng.reporters.JUnitReportReporter -->
<testsuite hostname="LAPTOP-PI6QVRRF" name="apiDataFromDocument.GetDataByParamParam" tests="1" failures="0" timestamp="8 Feb 2020 10:02:00 GMT" time="4.546" errors="0">
  <testcase name="fetchDataByParamParam" time="4.546" classname="apiDataFromDocument.GetDataByParamParam"/>
</testsuite> <!-- apiDataFromDocument.GetDataByParamParam -->
