<?xml version="1.0" encoding="UTF-8"?>
<!-- Generated by org.testng.reporters.JUnitReportReporter -->
<testsuite hostname="LAPTOP-PI6QVRRF" name="assertionsInRA.PostBulkData" tests="1" failures="0" timestamp="8 Feb 2020 17:19:48 GMT" time="1.704" errors="0">
  <testcase name="bulkData" time="1.704" classname="assertionsInRA.PostBulkData"/>
</testsuite> <!-- assertionsInRA.PostBulkData -->
