<?xml version="1.0" encoding="UTF-8"?>
<!-- Generated by org.testng.reporters.JUnitReportReporter -->
<testsuite hostname="LAPTOP-PI6QVRRF" name="apiDataFromDocument.GetDataByqueryParam" tests="1" failures="0" timestamp="21 Jun 2020 15:54:05 GMT" time="7.281" errors="0">
  <testcase name="FetchDataByQueryParam" time="7.281" classname="apiDataFromDocument.GetDataByqueryParam"/>
</testsuite> <!-- apiDataFromDocument.GetDataByqueryParam -->
