<?xml version="1.0" encoding="UTF-8"?>
<!-- Generated by org.testng.reporters.JUnitReportReporter -->
<testsuite hostname="LAPTOP-PI6QVRRF" name="assertionsInRA.FetchExactDataByJsonPath" tests="1" failures="0" timestamp="11 Feb 2020 11:24:48 GMT" time="1.978" errors="0">
  <testcase name="checkJsonPath" time="1.978" classname="assertionsInRA.FetchExactDataByJsonPath"/>
</testsuite> <!-- assertionsInRA.FetchExactDataByJsonPath -->
