<?xml version="1.0" encoding="UTF-8"?>
<!-- Generated by org.testng.reporters.JUnitReportReporter -->
<testsuite hostname="LAPTOP-PI6QVRRF" name="apiDataFromDocument.FetchDataByParameter" tests="1" failures="0" timestamp="8 Feb 2020 09:12:46 GMT" time="4.537" errors="0">
  <testcase name="fetchDataByParameter" time="4.537" classname="apiDataFromDocument.FetchDataByParameter"/>
</testsuite> <!-- apiDataFromDocument.FetchDataByParameter -->
