<?xml version="1.0" encoding="UTF-8"?>
<!-- Generated by org.testng.reporters.JUnitReportReporter -->
<testsuite hostname="LAPTOP-PI6QVRRF" name="restAssured.PatchRequestByRA" tests="1" failures="0" timestamp="7 Feb 2020 17:28:48 GMT" time="1.440" errors="0">
  <testcase name="patchCheck" time="1.440" classname="restAssured.PatchRequestByRA"/>
</testsuite> <!-- restAssured.PatchRequestByRA -->
