<?xml version="1.0" encoding="UTF-8"?>
<!-- Generated by org.testng.reporters.JUnitReportReporter -->
<testsuite hostname="LAPTOP-PI6QVRRF" name="apiDataFromDocument.GetAllCountryData" tests="1" failures="0" timestamp="7 Feb 2020 17:58:50 GMT" time="2.843" errors="0">
  <testcase name="fetchCountryDetails" time="2.843" classname="apiDataFromDocument.GetAllCountryData"/>
</testsuite> <!-- apiDataFromDocument.GetAllCountryData -->
