<?xml version="1.0" encoding="UTF-8"?>
<!-- Generated by org.testng.reporters.JUnitReportReporter -->
<testsuite hostname="LAPTOP-PI6QVRRF" name="assertionsInRA.FetchFirstCurrencyCode" tests="1" failures="0" timestamp="8 Feb 2020 18:29:10 GMT" time="3.777" errors="0">
  <testcase name="checkFirstCode" time="3.777" classname="assertionsInRA.FetchFirstCurrencyCode"/>
</testsuite> <!-- assertionsInRA.FetchFirstCurrencyCode -->
