<?xml version="1.0" encoding="UTF-8"?>
<!-- Generated by org.testng.reporters.JUnitReportReporter -->
<testsuite hostname="LAPTOP-PI6QVRRF" name="apiAuthentication.OauthRequest" tests="5" failures="0" timestamp="22 Jun 2020 18:07:09 GMT" time="8.785" errors="0">
  <testcase name="basicChallengeTest" time="2.769" classname="apiAuthentication.OauthRequest"/>
  <testcase name="oauth2Test" time="0.625" classname="apiAuthentication.OauthRequest"/>
  <testcase name="oauth2AccessInValidAPI" time="2.908" classname="apiAuthentication.OauthRequest"/>
  <testcase name="oauth2AccessValidAPI" time="1.592" classname="apiAuthentication.OauthRequest"/>
  <testcase name="basicPreemtiveTest" time="0.891" classname="apiAuthentication.OauthRequest"/>
</testsuite> <!-- apiAuthentication.OauthRequest -->
