<?xml version="1.0" encoding="UTF-8"?>
<!-- Generated by org.testng.reporters.JUnitReportReporter -->
<testsuite hostname="LAPTOP-PI6QVRRF" name="restAssured.DeleteRequestByRA" tests="1" failures="0" timestamp="7 Feb 2020 17:30:48 GMT" time="1.412" errors="0">
  <testcase name="checkDelete" time="1.412" classname="restAssured.DeleteRequestByRA"/>
</testsuite> <!-- restAssured.DeleteRequestByRA -->
