<?xml version="1.0" encoding="UTF-8"?>
<!-- Generated by org.testng.reporters.JUnitReportReporter -->
<testsuite hostname="LAPTOP-PI6QVRRF" name="assertionsInRA.FetchNoOfBelongingToCountry" tests="1" failures="0" timestamp="8 Feb 2020 19:17:58 GMT" time="3.177" errors="0">
  <testcase name="fetchNoOfBordersBelongingToCountry" time="3.177" classname="assertionsInRA.FetchNoOfBelongingToCountry"/>
</testsuite> <!-- assertionsInRA.FetchNoOfBelongingToCountry -->
