<?xml version="1.0" encoding="UTF-8"?>
<!-- Generated by org.testng.reporters.JUnitReportReporter -->
<testsuite hostname="LAPTOP-PI6QVRRF" name="apiDataFromDocument.GetDataByFormParam" tests="1" failures="0" timestamp="8 Feb 2020 09:47:03 GMT" time="3.712" errors="0">
  <testcase name="fetchDataByFormParam" time="3.712" classname="apiDataFromDocument.GetDataByFormParam"/>
</testsuite> <!-- apiDataFromDocument.GetDataByFormParam -->
