<?xml version="1.0" encoding="UTF-8"?>
<!-- Generated by org.testng.reporters.JUnitReportReporter -->
<testsuite hostname="LAPTOP-PI6QVRRF" name="apiAuthentication.ApiAuthByRA" tests="1" failures="0" timestamp="21 Jun 2020 13:28:38 GMT" time="4.115" errors="0">
  <testcase name="apiAuthByRA" time="4.115" classname="apiAuthentication.ApiAuthByRA"/>
</testsuite> <!-- apiAuthentication.ApiAuthByRA -->
