<?xml version="1.0" encoding="UTF-8"?>
<!-- Generated by org.testng.reporters.JUnitReportReporter -->
<testsuite hostname="LAPTOP-PI6QVRRF" name="apiAuthentication.ApiWithBasicChallenging" tests="1" failures="0" timestamp="21 Jun 2020 13:27:32 GMT" time="4.916" errors="0">
  <testcase name="apiWithBasicChallenging" time="4.916" classname="apiAuthentication.ApiWithBasicChallenging"/>
</testsuite> <!-- apiAuthentication.ApiWithBasicChallenging -->
